[0mGET / [32m200[0m 516.204 ms - 6209[0m
[0mGET /favicon.ico [33m404[0m 53.686 ms - 150[0m
::1 - - [29/Apr/2022:16:12:47 +0000] "GET / HTTP/1.1" 200 6286 "-" "Mozilla/5.0 (Windows NT 10.0; Win64; x64) AppleWebKit/537.36 (KHTML, like Gecko) Chrome/100.0.4896.127 Safari/537.36"
::1 - - [29/Apr/2022:16:12:47 +0000] "GET /favicon.ico HTTP/1.1" 404 150 "http://localhost:8111/" "Mozilla/5.0 (Windows NT 10.0; Win64; x64) AppleWebKit/537.36 (KHTML, like Gecko) Chrome/100.0.4896.127 Safari/537.36"
::1 - - [29/Apr/2022:16:12:54 +0000] "GET /users/sign-in HTTP/1.1" 304 - "http://localhost:8111/" "Mozilla/5.0 (Windows NT 10.0; Win64; x64) AppleWebKit/537.36 (KHTML, like Gecko) Chrome/100.0.4896.127 Safari/537.36"
::1 - - [29/Apr/2022:16:13:07 +0000] "POST /users/create-session HTTP/1.1" 302 72 "http://localhost:8111/users/sign-in" "Mozilla/5.0 (Windows NT 10.0; Win64; x64) AppleWebKit/537.36 (KHTML, like Gecko) Chrome/100.0.4896.127 Safari/537.36"
::1 - - [29/Apr/2022:16:13:07 +0000] "GET /users/sign-in HTTP/1.1" 304 - "http://localhost:8111/users/sign-in" "Mozilla/5.0 (Windows NT 10.0; Win64; x64) AppleWebKit/537.36 (KHTML, like Gecko) Chrome/100.0.4896.127 Safari/537.36"
::1 - - [29/Apr/2022:16:13:18 +0000] "POST /users/create-session HTTP/1.1" 302 72 "http://localhost:8111/users/sign-in" "Mozilla/5.0 (Windows NT 10.0; Win64; x64) AppleWebKit/537.36 (KHTML, like Gecko) Chrome/100.0.4896.127 Safari/537.36"
::1 - - [29/Apr/2022:16:13:18 +0000] "GET /users/sign-in HTTP/1.1" 200 4511 "http://localhost:8111/users/sign-in" "Mozilla/5.0 (Windows NT 10.0; Win64; x64) AppleWebKit/537.36 (KHTML, like Gecko) Chrome/100.0.4896.127 Safari/537.36"
::1 - - [29/Apr/2022:16:13:21 +0000] "GET /users/auth/google HTTP/1.1" 302 0 "http://localhost:8111/users/sign-in" "Mozilla/5.0 (Windows NT 10.0; Win64; x64) AppleWebKit/537.36 (KHTML, like Gecko) Chrome/100.0.4896.127 Safari/537.36"
::1 - - [29/Apr/2022:16:33:23 +0000] "GET / HTTP/1.1" 200 6286 "-" "Mozilla/5.0 (Windows NT 10.0; Win64; x64) AppleWebKit/537.36 (KHTML, like Gecko) Chrome/100.0.4896.127 Safari/537.36"
::1 - - [29/Apr/2022:16:33:26 +0000] "GET /users/sign-in HTTP/1.1" 200 4266 "http://localhost:8111/" "Mozilla/5.0 (Windows NT 10.0; Win64; x64) AppleWebKit/537.36 (KHTML, like Gecko) Chrome/100.0.4896.127 Safari/537.36"
::1 - - [29/Apr/2022:16:33:45 +0000] "GET /users/auth/google HTTP/1.1" 302 0 "http://localhost:8111/users/sign-in" "Mozilla/5.0 (Windows NT 10.0; Win64; x64) AppleWebKit/537.36 (KHTML, like Gecko) Chrome/100.0.4896.127 Safari/537.36"
::1 - - [29/Apr/2022:16:34:45 +0000] "POST /users/create-session HTTP/1.1" 302 46 "http://localhost:8111/users/sign-in" "Mozilla/5.0 (Windows NT 10.0; Win64; x64) AppleWebKit/537.36 (KHTML, like Gecko) Chrome/100.0.4896.127 Safari/537.36"
::1 - - [29/Apr/2022:16:34:45 +0000] "GET / HTTP/1.1" 304 - "http://localhost:8111/users/sign-in" "Mozilla/5.0 (Windows NT 10.0; Win64; x64) AppleWebKit/537.36 (KHTML, like Gecko) Chrome/100.0.4896.127 Safari/537.36"
::1 - - [29/Apr/2022:16:34:51 +0000] "GET /users/sign-in HTTP/1.1" 302 72 "http://localhost:8111/" "Mozilla/5.0 (Windows NT 10.0; Win64; x64) AppleWebKit/537.36 (KHTML, like Gecko) Chrome/100.0.4896.127 Safari/537.36"
::1 - - [29/Apr/2022:16:34:51 +0000] "GET /users/profile HTTP/1.1" 404 152 "http://localhost:8111/" "Mozilla/5.0 (Windows NT 10.0; Win64; x64) AppleWebKit/537.36 (KHTML, like Gecko) Chrome/100.0.4896.127 Safari/537.36"
::1 - - [29/Apr/2022:16:34:54 +0000] "GET /users/sign-in HTTP/1.1" 302 72 "http://localhost:8111/" "Mozilla/5.0 (Windows NT 10.0; Win64; x64) AppleWebKit/537.36 (KHTML, like Gecko) Chrome/100.0.4896.127 Safari/537.36"
::1 - - [29/Apr/2022:16:34:54 +0000] "GET /users/profile HTTP/1.1" 404 152 "http://localhost:8111/" "Mozilla/5.0 (Windows NT 10.0; Win64; x64) AppleWebKit/537.36 (KHTML, like Gecko) Chrome/100.0.4896.127 Safari/537.36"
::1 - - [29/Apr/2022:16:34:59 +0000] "GET /users/sign-in HTTP/1.1" 302 72 "http://localhost:8111/" "Mozilla/5.0 (Windows NT 10.0; Win64; x64) AppleWebKit/537.36 (KHTML, like Gecko) Chrome/100.0.4896.127 Safari/537.36"
::1 - - [29/Apr/2022:16:34:59 +0000] "GET /users/profile HTTP/1.1" 404 152 "http://localhost:8111/" "Mozilla/5.0 (Windows NT 10.0; Win64; x64) AppleWebKit/537.36 (KHTML, like Gecko) Chrome/100.0.4896.127 Safari/537.36"
::1 - - [29/Apr/2022:16:35:14 +0000] "GET /users/sign-in HTTP/1.1" 302 72 "http://localhost:8111/" "Mozilla/5.0 (Windows NT 10.0; Win64; x64) AppleWebKit/537.36 (KHTML, like Gecko) Chrome/100.0.4896.127 Safari/537.36"
::1 - - [29/Apr/2022:16:35:14 +0000] "GET /users/profile HTTP/1.1" 404 152 "http://localhost:8111/" "Mozilla/5.0 (Windows NT 10.0; Win64; x64) AppleWebKit/537.36 (KHTML, like Gecko) Chrome/100.0.4896.127 Safari/537.36"
::1 - - [29/Apr/2022:16:35:19 +0000] "GET /users/sign-in HTTP/1.1" 302 72 "http://localhost:8111/" "Mozilla/5.0 (Windows NT 10.0; Win64; x64) AppleWebKit/537.36 (KHTML, like Gecko) Chrome/100.0.4896.127 Safari/537.36"
::1 - - [29/Apr/2022:16:35:19 +0000] "GET /users/profile HTTP/1.1" 404 152 "http://localhost:8111/" "Mozilla/5.0 (Windows NT 10.0; Win64; x64) AppleWebKit/537.36 (KHTML, like Gecko) Chrome/100.0.4896.127 Safari/537.36"
::1 - - [29/Apr/2022:16:35:23 +0000] "GET /users/sign-in HTTP/1.1" 302 72 "http://localhost:8111/users/sign-in" "Mozilla/5.0 (Windows NT 10.0; Win64; x64) AppleWebKit/537.36 (KHTML, like Gecko) Chrome/100.0.4896.127 Safari/537.36"
::1 - - [29/Apr/2022:16:35:23 +0000] "GET /users/profile HTTP/1.1" 404 152 "http://localhost:8111/users/sign-in" "Mozilla/5.0 (Windows NT 10.0; Win64; x64) AppleWebKit/537.36 (KHTML, like Gecko) Chrome/100.0.4896.127 Safari/537.36"
::1 - - [29/Apr/2022:16:35:25 +0000] "GET /users/profile HTTP/1.1" 404 152 "http://localhost:8111/users/sign-in" "Mozilla/5.0 (Windows NT 10.0; Win64; x64) AppleWebKit/537.36 (KHTML, like Gecko) Chrome/100.0.4896.127 Safari/537.36"
::1 - - [29/Apr/2022:16:35:30 +0000] "GET / HTTP/1.1" 200 25761 "-" "Mozilla/5.0 (Windows NT 10.0; Win64; x64) AppleWebKit/537.36 (KHTML, like Gecko) Chrome/100.0.4896.127 Safari/537.36"
::1 - - [29/Apr/2022:16:35:30 +0000] "GET /undefined HTTP/1.1" 404 148 "http://localhost:8111/" "Mozilla/5.0 (Windows NT 10.0; Win64; x64) AppleWebKit/537.36 (KHTML, like Gecko) Chrome/100.0.4896.127 Safari/537.36"
::1 - - [29/Apr/2022:16:35:30 +0000] "GET /uploads/users/avatars/avatar-1651167682076 HTTP/1.1" 404 181 "http://localhost:8111/" "Mozilla/5.0 (Windows NT 10.0; Win64; x64) AppleWebKit/537.36 (KHTML, like Gecko) Chrome/100.0.4896.127 Safari/537.36"
::1 - - [29/Apr/2022:16:35:30 +0000] "GET /uploads/users/avatars/avatar-1651167779845 HTTP/1.1" 404 181 "http://localhost:8111/" "Mozilla/5.0 (Windows NT 10.0; Win64; x64) AppleWebKit/537.36 (KHTML, like Gecko) Chrome/100.0.4896.127 Safari/537.36"
::1 - - [29/Apr/2022:16:35:31 +0000] "GET /uploads/users/avatars/avatar-1650903165962-639221101 HTTP/1.1" 404 191 "http://localhost:8111/" "Mozilla/5.0 (Windows NT 10.0; Win64; x64) AppleWebKit/537.36 (KHTML, like Gecko) Chrome/100.0.4896.127 Safari/537.36"
::1 - - [29/Apr/2022:16:35:31 +0000] "GET /uploads/users/avatars/avatar-1651167513374 HTTP/1.1" 404 181 "http://localhost:8111/" "Mozilla/5.0 (Windows NT 10.0; Win64; x64) AppleWebKit/537.36 (KHTML, like Gecko) Chrome/100.0.4896.127 Safari/537.36"
::1 - - [29/Apr/2022:16:35:31 +0000] "GET /undefined HTTP/1.1" 404 148 "http://localhost:8111/" "Mozilla/5.0 (Windows NT 10.0; Win64; x64) AppleWebKit/537.36 (KHTML, like Gecko) Chrome/100.0.4896.127 Safari/537.36"
::1 - - [29/Apr/2022:16:35:31 +0000] "GET /undefined HTTP/1.1" 404 148 "http://localhost:8111/" "Mozilla/5.0 (Windows NT 10.0; Win64; x64) AppleWebKit/537.36 (KHTML, like Gecko) Chrome/100.0.4896.127 Safari/537.36"
::1 - - [29/Apr/2022:16:35:31 +0000] "GET /undefined HTTP/1.1" 404 148 "http://localhost:8111/" "Mozilla/5.0 (Windows NT 10.0; Win64; x64) AppleWebKit/537.36 (KHTML, like Gecko) Chrome/100.0.4896.127 Safari/537.36"
::1 - - [29/Apr/2022:16:36:01 +0000] "GET /likes/toggle/?id=6265489e22655b0023b59c3d&type=Post HTTP/1.1" 404 152 "http://localhost:8111/" "Mozilla/5.0 (Windows NT 10.0; Win64; x64) AppleWebKit/537.36 (KHTML, like Gecko) Chrome/100.0.4896.127 Safari/537.36"
::1 - - [29/Apr/2022:16:36:05 +0000] "GET /likes/toggle/?id=6264fed21dfbd70023681110&type=Comment HTTP/1.1" 404 152 "http://localhost:8111/" "Mozilla/5.0 (Windows NT 10.0; Win64; x64) AppleWebKit/537.36 (KHTML, like Gecko) Chrome/100.0.4896.127 Safari/537.36"
::1 - - [29/Apr/2022:16:37:09 +0000] "GET / HTTP/1.1" 200 25761 "-" "Mozilla/5.0 (Windows NT 10.0; Win64; x64) AppleWebKit/537.36 (KHTML, like Gecko) Chrome/100.0.4896.127 Safari/537.36"
::1 - - [29/Apr/2022:16:37:10 +0000] "GET /undefined HTTP/1.1" 404 148 "http://localhost:8111/" "Mozilla/5.0 (Windows NT 10.0; Win64; x64) AppleWebKit/537.36 (KHTML, like Gecko) Chrome/100.0.4896.127 Safari/537.36"
::1 - - [29/Apr/2022:16:37:10 +0000] "GET /uploads/users/avatars/avatar-1651167682076 HTTP/1.1" 404 181 "http://localhost:8111/" "Mozilla/5.0 (Windows NT 10.0; Win64; x64) AppleWebKit/537.36 (KHTML, like Gecko) Chrome/100.0.4896.127 Safari/537.36"
::1 - - [29/Apr/2022:16:37:10 +0000] "GET /uploads/users/avatars/avatar-1651167779845 HTTP/1.1" 404 181 "http://localhost:8111/" "Mozilla/5.0 (Windows NT 10.0; Win64; x64) AppleWebKit/537.36 (KHTML, like Gecko) Chrome/100.0.4896.127 Safari/537.36"
::1 - - [29/Apr/2022:16:37:10 +0000] "GET /uploads/users/avatars/avatar-1651167513374 HTTP/1.1" 404 181 "http://localhost:8111/" "Mozilla/5.0 (Windows NT 10.0; Win64; x64) AppleWebKit/537.36 (KHTML, like Gecko) Chrome/100.0.4896.127 Safari/537.36"
::1 - - [29/Apr/2022:16:37:10 +0000] "GET /uploads/users/avatars/avatar-1650903165962-639221101 HTTP/1.1" 404 191 "http://localhost:8111/" "Mozilla/5.0 (Windows NT 10.0; Win64; x64) AppleWebKit/537.36 (KHTML, like Gecko) Chrome/100.0.4896.127 Safari/537.36"
::1 - - [29/Apr/2022:16:37:10 +0000] "GET /undefined HTTP/1.1" 404 148 "http://localhost:8111/" "Mozilla/5.0 (Windows NT 10.0; Win64; x64) AppleWebKit/537.36 (KHTML, like Gecko) Chrome/100.0.4896.127 Safari/537.36"
::1 - - [29/Apr/2022:16:37:10 +0000] "GET /undefined HTTP/1.1" 404 148 "http://localhost:8111/" "Mozilla/5.0 (Windows NT 10.0; Win64; x64) AppleWebKit/537.36 (KHTML, like Gecko) Chrome/100.0.4896.127 Safari/537.36"
::1 - - [29/Apr/2022:16:37:10 +0000] "GET /undefined HTTP/1.1" 404 148 "http://localhost:8111/" "Mozilla/5.0 (Windows NT 10.0; Win64; x64) AppleWebKit/537.36 (KHTML, like Gecko) Chrome/100.0.4896.127 Safari/537.36"
::1 - - [29/Apr/2022:16:37:13 +0000] "GET / HTTP/1.1" 304 - "-" "Mozilla/5.0 (Windows NT 10.0; Win64; x64) AppleWebKit/537.36 (KHTML, like Gecko) Chrome/100.0.4896.127 Safari/537.36"
::1 - - [29/Apr/2022:16:37:13 +0000] "GET /uploads/users/avatars/avatar-1650903165962-639221101 HTTP/1.1" 404 191 "http://localhost:8111/" "Mozilla/5.0 (Windows NT 10.0; Win64; x64) AppleWebKit/537.36 (KHTML, like Gecko) Chrome/100.0.4896.127 Safari/537.36"
::1 - - [29/Apr/2022:16:37:13 +0000] "GET /uploads/users/avatars/avatar-1651167779845 HTTP/1.1" 404 181 "http://localhost:8111/" "Mozilla/5.0 (Windows NT 10.0; Win64; x64) AppleWebKit/537.36 (KHTML, like Gecko) Chrome/100.0.4896.127 Safari/537.36"
::1 - - [29/Apr/2022:16:37:13 +0000] "GET /undefined HTTP/1.1" 404 148 "http://localhost:8111/" "Mozilla/5.0 (Windows NT 10.0; Win64; x64) AppleWebKit/537.36 (KHTML, like Gecko) Chrome/100.0.4896.127 Safari/537.36"
::1 - - [29/Apr/2022:16:37:13 +0000] "GET /uploads/users/avatars/avatar-1651167682076 HTTP/1.1" 404 181 "http://localhost:8111/" "Mozilla/5.0 (Windows NT 10.0; Win64; x64) AppleWebKit/537.36 (KHTML, like Gecko) Chrome/100.0.4896.127 Safari/537.36"
::1 - - [29/Apr/2022:16:37:13 +0000] "GET /uploads/users/avatars/avatar-1651167513374 HTTP/1.1" 404 181 "http://localhost:8111/" "Mozilla/5.0 (Windows NT 10.0; Win64; x64) AppleWebKit/537.36 (KHTML, like Gecko) Chrome/100.0.4896.127 Safari/537.36"
::1 - - [29/Apr/2022:16:37:13 +0000] "GET /undefined HTTP/1.1" 404 148 "http://localhost:8111/" "Mozilla/5.0 (Windows NT 10.0; Win64; x64) AppleWebKit/537.36 (KHTML, like Gecko) Chrome/100.0.4896.127 Safari/537.36"
::1 - - [29/Apr/2022:16:37:13 +0000] "GET /undefined HTTP/1.1" 404 148 "http://localhost:8111/" "Mozilla/5.0 (Windows NT 10.0; Win64; x64) AppleWebKit/537.36 (KHTML, like Gecko) Chrome/100.0.4896.127 Safari/537.36"
::1 - - [29/Apr/2022:16:37:13 +0000] "GET /undefined HTTP/1.1" 404 148 "http://localhost:8111/" "Mozilla/5.0 (Windows NT 10.0; Win64; x64) AppleWebKit/537.36 (KHTML, like Gecko) Chrome/100.0.4896.127 Safari/537.36"
::1 - - [29/Apr/2022:16:37:15 +0000] "GET /likes/toggle/?id=6265489e22655b0023b59c3d&type=Post HTTP/1.1" 404 152 "http://localhost:8111/" "Mozilla/5.0 (Windows NT 10.0; Win64; x64) AppleWebKit/537.36 (KHTML, like Gecko) Chrome/100.0.4896.127 Safari/537.36"
::1 - - [29/Apr/2022:16:37:18 +0000] "GET /likes/toggle/?id=6265488a22655b0023b59c33&type=Post HTTP/1.1" 404 152 "http://localhost:8111/" "Mozilla/5.0 (Windows NT 10.0; Win64; x64) AppleWebKit/537.36 (KHTML, like Gecko) Chrome/100.0.4896.127 Safari/537.36"
::1 - - [29/Apr/2022:16:37:36 +0000] "GET /undefined HTTP/1.1" 404 148 "-" "Mozilla/5.0 (Windows NT 10.0; Win64; x64) AppleWebKit/537.36 (KHTML, like Gecko) Chrome/100.0.4896.127 Safari/537.36"
::1 - - [29/Apr/2022:17:03:57 +0000] "GET / HTTP/1.1" 304 - "-" "Mozilla/5.0 (Linux; Android 6.0; Nexus 5 Build/MRA58N) AppleWebKit/537.36 (KHTML, like Gecko) Chrome/100.0.4896.127 Mobile Safari/537.36"
::1 - - [29/Apr/2022:17:03:57 +0000] "GET /undefined HTTP/1.1" 404 148 "http://localhost:8111/" "Mozilla/5.0 (Linux; Android 6.0; Nexus 5 Build/MRA58N) AppleWebKit/537.36 (KHTML, like Gecko) Chrome/100.0.4896.127 Mobile Safari/537.36"
::1 - - [29/Apr/2022:17:03:57 +0000] "GET /uploads/users/avatars/avatar-1651167682076 HTTP/1.1" 404 181 "http://localhost:8111/" "Mozilla/5.0 (Linux; Android 6.0; Nexus 5 Build/MRA58N) AppleWebKit/537.36 (KHTML, like Gecko) Chrome/100.0.4896.127 Mobile Safari/537.36"
::1 - - [29/Apr/2022:17:03:57 +0000] "GET /uploads/users/avatars/avatar-1651167779845 HTTP/1.1" 404 181 "http://localhost:8111/" "Mozilla/5.0 (Linux; Android 6.0; Nexus 5 Build/MRA58N) AppleWebKit/537.36 (KHTML, like Gecko) Chrome/100.0.4896.127 Mobile Safari/537.36"
::1 - - [29/Apr/2022:17:03:57 +0000] "GET /uploads/users/avatars/avatar-1650903165962-639221101 HTTP/1.1" 404 191 "http://localhost:8111/" "Mozilla/5.0 (Linux; Android 6.0; Nexus 5 Build/MRA58N) AppleWebKit/537.36 (KHTML, like Gecko) Chrome/100.0.4896.127 Mobile Safari/537.36"
::1 - - [29/Apr/2022:17:03:57 +0000] "GET /uploads/users/avatars/avatar-1651167513374 HTTP/1.1" 404 181 "http://localhost:8111/" "Mozilla/5.0 (Linux; Android 6.0; Nexus 5 Build/MRA58N) AppleWebKit/537.36 (KHTML, like Gecko) Chrome/100.0.4896.127 Mobile Safari/537.36"
::1 - - [29/Apr/2022:17:03:57 +0000] "GET /undefined HTTP/1.1" 404 148 "http://localhost:8111/" "Mozilla/5.0 (Linux; Android 6.0; Nexus 5 Build/MRA58N) AppleWebKit/537.36 (KHTML, like Gecko) Chrome/100.0.4896.127 Mobile Safari/537.36"
::1 - - [29/Apr/2022:17:03:58 +0000] "GET /undefined HTTP/1.1" 404 148 "http://localhost:8111/" "Mozilla/5.0 (Linux; Android 6.0; Nexus 5 Build/MRA58N) AppleWebKit/537.36 (KHTML, like Gecko) Chrome/100.0.4896.127 Mobile Safari/537.36"
::1 - - [29/Apr/2022:17:03:58 +0000] "GET /undefined HTTP/1.1" 404 148 "http://localhost:8111/" "Mozilla/5.0 (Linux; Android 6.0; Nexus 5 Build/MRA58N) AppleWebKit/537.36 (KHTML, like Gecko) Chrome/100.0.4896.127 Mobile Safari/537.36"
::1 - - [29/Apr/2022:17:13:24 +0000] "GET / HTTP/1.1" 200 25844 "-" "Mozilla/5.0 (Linux; Android 6.0; Nexus 5 Build/MRA58N) AppleWebKit/537.36 (KHTML, like Gecko) Chrome/100.0.4896.127 Mobile Safari/537.36"
::1 - - [29/Apr/2022:17:13:25 +0000] "GET /undefined HTTP/1.1" 404 148 "http://localhost:8111/" "Mozilla/5.0 (Linux; Android 6.0; Nexus 5 Build/MRA58N) AppleWebKit/537.36 (KHTML, like Gecko) Chrome/100.0.4896.127 Mobile Safari/537.36"
::1 - - [29/Apr/2022:17:13:25 +0000] "GET /undefined HTTP/1.1" 404 148 "http://localhost:8111/" "Mozilla/5.0 (Linux; Android 6.0; Nexus 5 Build/MRA58N) AppleWebKit/537.36 (KHTML, like Gecko) Chrome/100.0.4896.127 Mobile Safari/537.36"
::1 - - [29/Apr/2022:17:13:25 +0000] "GET /undefined HTTP/1.1" 404 148 "http://localhost:8111/" "Mozilla/5.0 (Linux; Android 6.0; Nexus 5 Build/MRA58N) AppleWebKit/537.36 (KHTML, like Gecko) Chrome/100.0.4896.127 Mobile Safari/537.36"
::1 - - [29/Apr/2022:17:13:25 +0000] "GET /undefined HTTP/1.1" 404 148 "http://localhost:8111/" "Mozilla/5.0 (Linux; Android 6.0; Nexus 5 Build/MRA58N) AppleWebKit/537.36 (KHTML, like Gecko) Chrome/100.0.4896.127 Mobile Safari/537.36"
::1 - - [29/Apr/2022:17:13:45 +0000] "GET / HTTP/1.1" 304 - "-" "Mozilla/5.0 (Windows NT 10.0; Win64; x64) AppleWebKit/537.36 (KHTML, like Gecko) Chrome/100.0.4896.127 Safari/537.36"
::1 - - [29/Apr/2022:17:13:45 +0000] "GET /undefined HTTP/1.1" 404 148 "http://localhost:8111/" "Mozilla/5.0 (Windows NT 10.0; Win64; x64) AppleWebKit/537.36 (KHTML, like Gecko) Chrome/100.0.4896.127 Safari/537.36"
::1 - - [29/Apr/2022:17:13:45 +0000] "GET /undefined HTTP/1.1" 404 148 "http://localhost:8111/" "Mozilla/5.0 (Windows NT 10.0; Win64; x64) AppleWebKit/537.36 (KHTML, like Gecko) Chrome/100.0.4896.127 Safari/537.36"
::1 - - [29/Apr/2022:17:13:45 +0000] "GET /undefined HTTP/1.1" 404 148 "http://localhost:8111/" "Mozilla/5.0 (Windows NT 10.0; Win64; x64) AppleWebKit/537.36 (KHTML, like Gecko) Chrome/100.0.4896.127 Safari/537.36"
::ffff:127.0.0.1 - - [29/Apr/2022:17:13:45 +0000] "GET /undefined HTTP/1.1" 404 148 "http://localhost:8111/" "Mozilla/5.0 (Windows NT 10.0; Win64; x64) AppleWebKit/537.36 (KHTML, like Gecko) Chrome/100.0.4896.127 Safari/537.36"
::1 - - [29/Apr/2022:17:14:00 +0000] "GET / HTTP/1.1" 200 25761 "-" "Mozilla/5.0 (Windows NT 10.0; Win64; x64) AppleWebKit/537.36 (KHTML, like Gecko) Chrome/100.0.4896.127 Safari/537.36"
::1 - - [29/Apr/2022:17:14:00 +0000] "GET /uploads/users/avatars/avatar-1651167513374 HTTP/1.1" 404 181 "http://localhost:8111/" "Mozilla/5.0 (Windows NT 10.0; Win64; x64) AppleWebKit/537.36 (KHTML, like Gecko) Chrome/100.0.4896.127 Safari/537.36"
::1 - - [29/Apr/2022:17:14:00 +0000] "GET /uploads/users/avatars/avatar-1651167682076 HTTP/1.1" 404 181 "http://localhost:8111/" "Mozilla/5.0 (Windows NT 10.0; Win64; x64) AppleWebKit/537.36 (KHTML, like Gecko) Chrome/100.0.4896.127 Safari/537.36"
::1 - - [29/Apr/2022:17:14:00 +0000] "GET /uploads/users/avatars/avatar-1651167779845 HTTP/1.1" 404 181 "http://localhost:8111/" "Mozilla/5.0 (Windows NT 10.0; Win64; x64) AppleWebKit/537.36 (KHTML, like Gecko) Chrome/100.0.4896.127 Safari/537.36"
::1 - - [29/Apr/2022:17:14:00 +0000] "GET /undefined HTTP/1.1" 404 148 "http://localhost:8111/" "Mozilla/5.0 (Windows NT 10.0; Win64; x64) AppleWebKit/537.36 (KHTML, like Gecko) Chrome/100.0.4896.127 Safari/537.36"
::1 - - [29/Apr/2022:17:14:00 +0000] "GET /uploads/users/avatars/avatar-1650903165962-639221101 HTTP/1.1" 404 191 "http://localhost:8111/" "Mozilla/5.0 (Windows NT 10.0; Win64; x64) AppleWebKit/537.36 (KHTML, like Gecko) Chrome/100.0.4896.127 Safari/537.36"
::1 - - [29/Apr/2022:17:14:01 +0000] "GET /undefined HTTP/1.1" 404 148 "http://localhost:8111/" "Mozilla/5.0 (Windows NT 10.0; Win64; x64) AppleWebKit/537.36 (KHTML, like Gecko) Chrome/100.0.4896.127 Safari/537.36"
::1 - - [29/Apr/2022:17:14:01 +0000] "GET /undefined HTTP/1.1" 404 148 "http://localhost:8111/" "Mozilla/5.0 (Windows NT 10.0; Win64; x64) AppleWebKit/537.36 (KHTML, like Gecko) Chrome/100.0.4896.127 Safari/537.36"
::1 - - [29/Apr/2022:17:14:01 +0000] "GET /undefined HTTP/1.1" 404 148 "http://localhost:8111/" "Mozilla/5.0 (Windows NT 10.0; Win64; x64) AppleWebKit/537.36 (KHTML, like Gecko) Chrome/100.0.4896.127 Safari/537.36"
::1 - - [29/Apr/2022:17:14:07 +0000] "GET / HTTP/1.1" 304 - "-" "Mozilla/5.0 (Windows NT 10.0; Win64; x64) AppleWebKit/537.36 (KHTML, like Gecko) Chrome/100.0.4896.127 Safari/537.36"
::1 - - [29/Apr/2022:17:14:08 +0000] "GET /uploads/users/avatars/avatar-1651167682076 HTTP/1.1" 404 181 "http://localhost:8111/" "Mozilla/5.0 (Windows NT 10.0; Win64; x64) AppleWebKit/537.36 (KHTML, like Gecko) Chrome/100.0.4896.127 Safari/537.36"
::1 - - [29/Apr/2022:17:14:08 +0000] "GET /uploads/users/avatars/avatar-1651167513374 HTTP/1.1" 404 181 "http://localhost:8111/" "Mozilla/5.0 (Windows NT 10.0; Win64; x64) AppleWebKit/537.36 (KHTML, like Gecko) Chrome/100.0.4896.127 Safari/537.36"
::1 - - [29/Apr/2022:17:14:08 +0000] "GET /undefined HTTP/1.1" 404 148 "http://localhost:8111/" "Mozilla/5.0 (Windows NT 10.0; Win64; x64) AppleWebKit/537.36 (KHTML, like Gecko) Chrome/100.0.4896.127 Safari/537.36"
::1 - - [29/Apr/2022:17:14:08 +0000] "GET /uploads/users/avatars/avatar-1651167779845 HTTP/1.1" 404 181 "http://localhost:8111/" "Mozilla/5.0 (Windows NT 10.0; Win64; x64) AppleWebKit/537.36 (KHTML, like Gecko) Chrome/100.0.4896.127 Safari/537.36"
::1 - - [29/Apr/2022:17:14:08 +0000] "GET /uploads/users/avatars/avatar-1650903165962-639221101 HTTP/1.1" 404 191 "http://localhost:8111/" "Mozilla/5.0 (Windows NT 10.0; Win64; x64) AppleWebKit/537.36 (KHTML, like Gecko) Chrome/100.0.4896.127 Safari/537.36"
::1 - - [29/Apr/2022:17:14:08 +0000] "GET /undefined HTTP/1.1" 404 148 "http://localhost:8111/" "Mozilla/5.0 (Windows NT 10.0; Win64; x64) AppleWebKit/537.36 (KHTML, like Gecko) Chrome/100.0.4896.127 Safari/537.36"
::1 - - [29/Apr/2022:17:14:08 +0000] "GET /undefined HTTP/1.1" 404 148 "http://localhost:8111/" "Mozilla/5.0 (Windows NT 10.0; Win64; x64) AppleWebKit/537.36 (KHTML, like Gecko) Chrome/100.0.4896.127 Safari/537.36"
::1 - - [29/Apr/2022:17:14:09 +0000] "GET /undefined HTTP/1.1" 404 148 "http://localhost:8111/" "Mozilla/5.0 (Windows NT 10.0; Win64; x64) AppleWebKit/537.36 (KHTML, like Gecko) Chrome/100.0.4896.127 Safari/537.36"
::1 - - [29/Apr/2022:17:29:42 +0000] "GET / HTTP/1.1" 500 2000 "-" "Mozilla/5.0 (Windows NT 10.0; Win64; x64) AppleWebKit/537.36 (KHTML, like Gecko) Chrome/100.0.4896.127 Safari/537.36"
::ffff:127.0.0.1 - - [29/Apr/2022:17:31:21 +0000] "GET / HTTP/1.1" 200 23915 "-" "Mozilla/5.0 (Windows NT 10.0; Win64; x64) AppleWebKit/537.36 (KHTML, like Gecko) Chrome/100.0.4896.127 Safari/537.36"
::ffff:127.0.0.1 - - [29/Apr/2022:17:31:21 +0000] "GET /undefined HTTP/1.1" 404 148 "http://localhost:8111/" "Mozilla/5.0 (Windows NT 10.0; Win64; x64) AppleWebKit/537.36 (KHTML, like Gecko) Chrome/100.0.4896.127 Safari/537.36"
::ffff:127.0.0.1 - - [29/Apr/2022:17:31:21 +0000] "GET /uploads/users/avatars/avatar-1651167682076 HTTP/1.1" 404 181 "http://localhost:8111/" "Mozilla/5.0 (Windows NT 10.0; Win64; x64) AppleWebKit/537.36 (KHTML, like Gecko) Chrome/100.0.4896.127 Safari/537.36"
::1 - - [29/Apr/2022:17:31:21 +0000] "GET /uploads/users/avatars/avatar-1651167779845 HTTP/1.1" 404 181 "http://localhost:8111/" "Mozilla/5.0 (Windows NT 10.0; Win64; x64) AppleWebKit/537.36 (KHTML, like Gecko) Chrome/100.0.4896.127 Safari/537.36"
::1 - - [29/Apr/2022:17:31:21 +0000] "GET /uploads/users/avatars/avatar-1650903165962-639221101 HTTP/1.1" 404 191 "http://localhost:8111/" "Mozilla/5.0 (Windows NT 10.0; Win64; x64) AppleWebKit/537.36 (KHTML, like Gecko) Chrome/100.0.4896.127 Safari/537.36"
::1 - - [29/Apr/2022:17:31:21 +0000] "GET /uploads/users/avatars/avatar-1651167513374 HTTP/1.1" 404 181 "http://localhost:8111/" "Mozilla/5.0 (Windows NT 10.0; Win64; x64) AppleWebKit/537.36 (KHTML, like Gecko) Chrome/100.0.4896.127 Safari/537.36"
::ffff:127.0.0.1 - - [29/Apr/2022:17:31:21 +0000] "GET /undefined HTTP/1.1" 404 148 "http://localhost:8111/" "Mozilla/5.0 (Windows NT 10.0; Win64; x64) AppleWebKit/537.36 (KHTML, like Gecko) Chrome/100.0.4896.127 Safari/537.36"
::1 - - [29/Apr/2022:17:31:22 +0000] "GET /undefined HTTP/1.1" 404 148 "http://localhost:8111/" "Mozilla/5.0 (Windows NT 10.0; Win64; x64) AppleWebKit/537.36 (KHTML, like Gecko) Chrome/100.0.4896.127 Safari/537.36"
::1 - - [29/Apr/2022:17:31:22 +0000] "GET /undefined HTTP/1.1" 404 148 "http://localhost:8111/" "Mozilla/5.0 (Windows NT 10.0; Win64; x64) AppleWebKit/537.36 (KHTML, like Gecko) Chrome/100.0.4896.127 Safari/537.36"
::1 - - [29/Apr/2022:17:44:25 +0000] "GET / HTTP/1.1" 500 2249 "-" "Mozilla/5.0 (Windows NT 10.0; Win64; x64) AppleWebKit/537.36 (KHTML, like Gecko) Chrome/100.0.4896.127 Safari/537.36"
::1 - - [29/Apr/2022:17:50:06 +0000] "GET / HTTP/1.1" 500 2210 "-" "Mozilla/5.0 (Windows NT 10.0; Win64; x64) AppleWebKit/537.36 (KHTML, like Gecko) Chrome/100.0.4896.127 Safari/537.36"
::1 - - [29/Apr/2022:17:50:49 +0000] "GET / HTTP/1.1" 500 2249 "-" "Mozilla/5.0 (Windows NT 10.0; Win64; x64) AppleWebKit/537.36 (KHTML, like Gecko) Chrome/100.0.4896.127 Safari/537.36"
::1 - - [29/Apr/2022:17:51:31 +0000] "GET / HTTP/1.1" 500 2249 "-" "Mozilla/5.0 (Windows NT 10.0; Win64; x64) AppleWebKit/537.36 (KHTML, like Gecko) Chrome/100.0.4896.127 Safari/537.36"
::1 - - [29/Apr/2022:17:52:54 +0000] "GET / HTTP/1.1" 200 23916 "-" "Mozilla/5.0 (Windows NT 10.0; Win64; x64) AppleWebKit/537.36 (KHTML, like Gecko) Chrome/100.0.4896.127 Safari/537.36"
::1 - - [29/Apr/2022:17:52:54 +0000] "GET /undefined HTTP/1.1" 404 148 "http://localhost:8111/" "Mozilla/5.0 (Windows NT 10.0; Win64; x64) AppleWebKit/537.36 (KHTML, like Gecko) Chrome/100.0.4896.127 Safari/537.36"
::1 - - [29/Apr/2022:17:52:54 +0000] "GET /uploads/users/avatars/avatar-1651167682076 HTTP/1.1" 404 181 "http://localhost:8111/" "Mozilla/5.0 (Windows NT 10.0; Win64; x64) AppleWebKit/537.36 (KHTML, like Gecko) Chrome/100.0.4896.127 Safari/537.36"
::1 - - [29/Apr/2022:17:52:55 +0000] "GET /uploads/users/avatars/avatar-1651167513374 HTTP/1.1" 404 181 "http://localhost:8111/" "Mozilla/5.0 (Windows NT 10.0; Win64; x64) AppleWebKit/537.36 (KHTML, like Gecko) Chrome/100.0.4896.127 Safari/537.36"
::1 - - [29/Apr/2022:17:52:55 +0000] "GET /uploads/users/avatars/avatar-1651167779845 HTTP/1.1" 404 181 "http://localhost:8111/" "Mozilla/5.0 (Windows NT 10.0; Win64; x64) AppleWebKit/537.36 (KHTML, like Gecko) Chrome/100.0.4896.127 Safari/537.36"
::1 - - [29/Apr/2022:17:52:55 +0000] "GET /uploads/users/avatars/avatar-1650903165962-639221101 HTTP/1.1" 404 191 "http://localhost:8111/" "Mozilla/5.0 (Windows NT 10.0; Win64; x64) AppleWebKit/537.36 (KHTML, like Gecko) Chrome/100.0.4896.127 Safari/537.36"
::1 - - [29/Apr/2022:17:52:55 +0000] "GET /undefined HTTP/1.1" 404 148 "http://localhost:8111/" "Mozilla/5.0 (Windows NT 10.0; Win64; x64) AppleWebKit/537.36 (KHTML, like Gecko) Chrome/100.0.4896.127 Safari/537.36"
::1 - - [29/Apr/2022:17:52:55 +0000] "GET /undefined HTTP/1.1" 404 148 "http://localhost:8111/" "Mozilla/5.0 (Windows NT 10.0; Win64; x64) AppleWebKit/537.36 (KHTML, like Gecko) Chrome/100.0.4896.127 Safari/537.36"
::1 - - [29/Apr/2022:17:52:55 +0000] "GET /undefined HTTP/1.1" 404 148 "http://localhost:8111/" "Mozilla/5.0 (Windows NT 10.0; Win64; x64) AppleWebKit/537.36 (KHTML, like Gecko) Chrome/100.0.4896.127 Safari/537.36"
::1 - - [29/Apr/2022:17:53:03 +0000] "GET /likes/toggle/?id=6265489e22655b0023b59c3d&type=Post HTTP/1.1" 404 152 "http://localhost:8111/" "Mozilla/5.0 (Windows NT 10.0; Win64; x64) AppleWebKit/537.36 (KHTML, like Gecko) Chrome/100.0.4896.127 Safari/537.36"
