[0mGET / [32m200[0m 281.840 ms - 9786[0m
[0mGET /favicon.ico [33m404[0m 26.955 ms - 150[0m
[0mGET /users/sign-in [32m200[0m 20.060 ms - 2792[0m
[0mPOST /users/create-session [36m302[0m 42.778 ms - 46[0m
[0mGET / [32m200[0m 101.103 ms - 14578[0m
[0mGET /users/profile [33m404[0m 17.315 ms - 152[0m
[0mGET /users/profile [33m404[0m 17.557 ms - 152[0m
[0mGET / [32m200[0m 76.336 ms - 14245[0m
[0mGET /users/profile [33m404[0m 13.101 ms - 152[0m
[0mGET /users/profile/61a8f9c88998420a7ebe4bcf [32m200[0m 47.818 ms - 2426[0m
[0mGET / [32m200[0m 49.891 ms - 14254[0m
[0mGET /users/profile [33m404[0m 17.325 ms - 152[0m
[0mGET /users/profile [33m404[0m 13.656 ms - 152[0m
[0mGET / [32m200[0m 65.227 ms - 14263[0m
[0mGET /users/profile [33m404[0m 12.856 ms - 152[0m
[0mGET /users/profile [33m404[0m 15.695 ms - 152[0m
[0mGET /users/profile [33m404[0m 7.634 ms - 152[0m
[0mGET /users/profile [33m404[0m 16.355 ms - 152[0m
[0mGET /users/profile [33m404[0m 16.703 ms - 152[0m
[0mGET /user/profile [33m404[0m 14.516 ms - 151[0m
[0mGET / [36m304[0m 135.829 ms - -[0m
[0mGET / [32m200[0m 183.867 ms - 9786[0m
[0mGET /favicon.ico [33m404[0m 11.690 ms - 150[0m
[0mGET /users/sign-in [32m200[0m 18.621 ms - 2792[0m
[0mPOST /users/create-session [36m302[0m 30.999 ms - 46[0m
[0mGET / [32m200[0m 94.589 ms - 14578[0m
[0mGET /users/sign-out [36m302[0m 17.814 ms - 46[0m
[0mGET / [32m200[0m 62.655 ms - 10095[0m
[0mGET /users/sign-in [36m304[0m 14.061 ms - -[0m
[0mGET /users/sign-in [32m200[0m 13.294 ms - 2820[0m
[0mGET /users/sign-in [32m200[0m 15.345 ms - 2786[0m
[0mGET /users/sign-in [32m200[0m 11.886 ms - 2886[0m
[0mGET /users/sign-in [32m200[0m 9.268 ms - 2957[0m
[0mGET /users/sign-in [32m200[0m 12.922 ms - 2985[0m
[0mGET /users/sign-in [32m200[0m 24.746 ms - 3011[0m
[0mGET /users/sign-in [32m200[0m 10.618 ms - 2998[0m
[0mGET /users/sign-in [32m200[0m 16.010 ms - 2985[0m
[0mGET /users/sign-in [32m200[0m 12.717 ms - 3044[0m
[0mGET /users/sign-in [32m200[0m 9.918 ms - 2984[0m
[0mGET /users/sign-up [32m200[0m 14.205 ms - 2351[0m
[0mGET /users/sign-in [36m304[0m 14.444 ms - -[0m
[0mGET /users/sign-in [32m200[0m 10.005 ms - 3082[0m
[0mGET /users/sign-in [36m304[0m 15.173 ms - -[0m
[0mGET /users/sign-in [36m304[0m 7.685 ms - -[0m
[0mGET /users/sign-in [36m304[0m 12.014 ms - -[0m
[0mGET /users/sign-in [36m304[0m 20.998 ms - -[0m
[0mGET /users/sign-in [36m304[0m 11.324 ms - -[0m
[0mGET /users/sign-in [36m304[0m 6.099 ms - -[0m
[0mGET /users/sign-in [36m304[0m 12.014 ms - -[0m
[0mGET / [32m200[0m 96.849 ms - 9786[0m
[0mGET /favicon.ico [33m404[0m 10.522 ms - 150[0m
[0mGET /users/sign-in [32m200[0m 6.824 ms - 2983[0m
[0mGET /users/sign-in [36m304[0m 9.862 ms - -[0m
[0mGET /users/sign-in [36m304[0m 6.503 ms - -[0m
[0mGET /users/sign-in [36m304[0m 10.004 ms - -[0m
[0mGET /users/sign-in [36m304[0m 13.954 ms - -[0m
[0mGET /users/sign-in [36m304[0m 8.793 ms - -[0m
[0mGET /users/sign-in [32m200[0m 11.005 ms - 2984[0m
[0mGET /users/sign-in [32m200[0m 6.972 ms - 2973[0m
[0mGET /users/sign-in [36m304[0m 8.202 ms - -[0m
[0mGET /users/sign-in [36m304[0m 7.458 ms - -[0m
[0mGET /users/sign-in [36m304[0m 5.617 ms - -[0m
[0mGET /users/sign-in [36m304[0m 10.512 ms - -[0m
[0mGET /users/sign-in [36m304[0m 11.925 ms - -[0m
[0mGET /users/sign-in [36m304[0m 7.561 ms - -[0m
[0mGET /users/sign-in [36m304[0m 6.726 ms - -[0m
[0mGET /users/sign-in [36m304[0m 8.718 ms - -[0m
[0mGET /users/sign-in [36m304[0m 12.672 ms - -[0m
[0mGET /users/sign-in [36m304[0m 16.488 ms - -[0m
[0mGET /users/sign-in [32m200[0m 13.131 ms - 2967[0m
[0mGET /users/sign-in [36m304[0m 14.162 ms - -[0m
[0mGET /users/sign-in [36m304[0m 8.261 ms - -[0m
[0mGET /users/sign-in [36m304[0m 11.622 ms - -[0m
[0mGET /users/sign-in [36m304[0m 12.021 ms - -[0m
[0mGET /users/sign-in [36m304[0m 9.810 ms - -[0m
[0mGET /users/sign-in [36m304[0m 7.443 ms - -[0m
[0mGET /users/sign-in [36m304[0m 6.383 ms - -[0m
[0mGET /users/sign-in [36m304[0m 8.775 ms - -[0m
[0mGET /users/sign-in [36m304[0m 10.393 ms - -[0m
[0mGET /users/sign-in [36m304[0m 8.437 ms - -[0m
[0mGET /users/sign-in [36m304[0m 8.463 ms - -[0m
[0mGET /users/sign-in [36m304[0m 13.487 ms - -[0m
[0mGET /users/sign-in [36m304[0m 10.327 ms - -[0m
[0mGET /users/sign-in [36m304[0m 6.658 ms - -[0m
[0mGET /users/sign-in [36m304[0m 7.148 ms - -[0m
[0mGET /users/sign-in [36m304[0m 9.515 ms - -[0m
[0mGET /users/sign-in [36m304[0m 10.629 ms - -[0m
[0mGET /users/sign-in [32m200[0m 9.337 ms - 2995[0m
[0mGET /users/sign-in [32m200[0m 6.362 ms - 2967[0m
[0mGET /users/sign-in [36m304[0m 10.055 ms - -[0m
[0mGET /users/sign-in [36m304[0m 4.249 ms - -[0m
[0mGET /users/sign-in [36m304[0m 12.793 ms - -[0m
[0mGET /users/sign-in [36m304[0m 7.917 ms - -[0m
[0mGET /users/sign-in [32m200[0m 9.395 ms - 2984[0m
[0mGET /users/sign-in [32m200[0m 10.566 ms - 3466[0m
[0mGET /users/sign-in [32m200[0m 5.304 ms - 2904[0m
[0mGET /users/sign-in [32m200[0m 7.394 ms - 2886[0m
[0mGET /users/sign-in [32m200[0m 9.420 ms - 2902[0m
[0mGET /users/image_design.jpg [33m404[0m 11.867 ms - 161[0m
[0mGET /users/sign-in [36m304[0m 9.168 ms - -[0m
[0mGET /users/image_design.jpg [33m404[0m 4.856 ms - 161[0m
[0mGET /users/sign-in [36m304[0m 4.532 ms - -[0m
[0mGET /users/image_design.jpg [33m404[0m 3.625 ms - 161[0m
[0mGET /users/sign-in [36m304[0m 4.479 ms - -[0m
[0mGET /users/image_design.jpg [33m404[0m 4.449 ms - 161[0m
[0mGET /users/sign-in [32m200[0m 11.326 ms - 2917[0m
[0mGET /assets/images/image_design.jpg [33m404[0m 5.626 ms - 169[0m
