[0mGET / [36m304[0m 122.999 ms - -[0m
[0mGET /users/sign-in [36m304[0m 11.623 ms - -[0m
[0mGET /assets/images/image_design.jpg [33m404[0m 6.944 ms - 169[0m
[0mGET / [36m304[0m 221.969 ms - -[0m
[0mGET /favicon.ico [33m404[0m 11.209 ms - 150[0m
[0mGET /users/sign-in [36m304[0m 15.503 ms - -[0m
[0mGET /assets/images/image_design.jpg [33m404[0m 6.352 ms - 169[0m
[0mGET /users/sign-up [36m304[0m 20.840 ms - -[0m
[0mGET /users/reset-password [32m200[0m 19.494 ms - 2068[0m
[0mGET /users/sign-in [36m304[0m 37.699 ms - -[0m
[0mGET /assets/images/image_design.jpg [33m404[0m 6.679 ms - 169[0m
[0mGET / [36m304[0m 70.933 ms - -[0m
[0mGET /users/sign-in [36m304[0m 14.380 ms - -[0m
[0mGET /assets/images/image_design.jpg [33m404[0m 6.997 ms - 169[0m
[0mPOST /users/create-session [36m302[0m 40.735 ms - 46[0m
[0mGET / [32m200[0m 111.134 ms - 14578[0m
[0mGET / [32m200[0m 100.093 ms - 9786[0m
[0mGET /favicon.ico [33m404[0m 5.367 ms - 150[0m
[0mGET /users/sign-in [36m304[0m 14.900 ms - -[0m
[0mGET /assets/images/image_design.jpg [33m404[0m 3.689 ms - 169[0m
[0mGET /users/sign-in [32m200[0m 12.971 ms - 3007[0m
[0mGET /assets/images/image_design.jpg [33m404[0m 4.651 ms - 169[0m
[0mGET /users/sign-in [32m200[0m 9.854 ms - 3060[0m
[0mGET /assets/images/image_design.jpg [33m404[0m 3.079 ms - 169[0m
[0mGET /users/sign-in [32m200[0m 7.520 ms - 3081[0m
[0mGET /assets/images/image_design.jpg [33m404[0m 6.183 ms - 169[0m
[0mGET /users/sign-in [36m304[0m 5.294 ms - -[0m
[0mGET /assets/images/image_design.jpg [33m404[0m 4.493 ms - 169[0m
[0mGET /users/sign-in [36m304[0m 7.416 ms - -[0m
[0mGET /assets/images/image_design.jpg [33m404[0m 2.849 ms - 169[0m
[0mGET /users/sign-in [36m304[0m 6.818 ms - -[0m
[0mGET /assets/images/image_design.jpg [33m404[0m 3.527 ms - 169[0m
[0mGET /users/sign-in [36m304[0m 8.414 ms - -[0m
[0mGET /assets/images/image_design.jpg [33m404[0m 3.809 ms - 169[0m
[0mGET /users/sign-in [36m304[0m 4.289 ms - -[0m
[0mGET /assets/images/image_design.jpg [33m404[0m 4.000 ms - 169[0m
[0mGET /users/sign-in [36m304[0m 9.901 ms - -[0m
[0mGET /assets/images/image_design.jpg [33m404[0m 4.046 ms - 169[0m
[0mGET /users/sign-in [36m304[0m 5.920 ms - -[0m
[0mGET /assets/images/image_design.jpg [33m404[0m 4.452 ms - 169[0m
[0mGET /users/sign-in [36m304[0m 7.326 ms - -[0m
[0mGET /assets/images/image_design.jpg [33m404[0m 4.330 ms - 169[0m
[0mGET /users/sign-in [36m304[0m 5.917 ms - -[0m
[0mGET /assets/images/image_design.jpg [33m404[0m 2.155 ms - 169[0m
[0mGET /users/sign-in [36m304[0m 5.703 ms - -[0m
[0mGET /assets/images/image_design.jpg [33m404[0m 2.749 ms - 169[0m
[0mGET /users/sign-in [32m200[0m 6.750 ms - 3077[0m
[0mGET /assets/images/image_design.jpg [33m404[0m 4.679 ms - 169[0m
[0mGET /assets/images/image_design.jpg [33m404[0m 8.160 ms - 169[0m
[0mGET / [36m304[0m 204.220 ms - -[0m
[0mGET /favicon.ico [33m404[0m 11.620 ms - 150[0m
[0mGET /users/sign-in [32m200[0m 27.081 ms - 3210[0m
[0mGET /assets/images/image_design.jpg [33m404[0m 6.567 ms - 169[0m
[0mGET /users/sign-up [32m200[0m 19.135 ms - 2351[0m
[0mGET /users/sign-in [32m200[0m 21.558 ms - 3072[0m
[0mGET /users/image_design.jpg [33m404[0m 10.083 ms - 161[0m
[0mGET /users/sign-in [36m304[0m 18.486 ms - -[0m
[0mGET /users/image_design.jpg [33m404[0m 9.442 ms - 161[0m
[0mGET /users/sign-in [36m304[0m 12.358 ms - -[0m
[0mGET /users/image_design.jpg [33m404[0m 7.464 ms - 161[0m
[0mGET /users/sign-in [32m200[0m 12.700 ms - 3080[0m
[0mGET /users/sign-in [32m200[0m 20.006 ms - 3082[0m
[0mGET /users/sign-in [36m304[0m 18.139 ms - -[0m
[0mGET /users/sign-in [36m304[0m 15.266 ms - -[0m
[0mGET /users/sign-in [32m200[0m 18.728 ms - 3137[0m
[0mGET /users/sign-in [32m200[0m 13.890 ms - 2686[0m
[0mGET /users/sign-in [32m200[0m 14.193 ms - 2900[0m
[0mGET /users/sign-in [32m200[0m 12.393 ms - 3109[0m
[0mGET /users/sign-in [32m200[0m 18.377 ms - 3366[0m
[0mGET /users/sign-in [32m200[0m 10.888 ms - 3109[0m
[0mGET /users/sign-in [32m200[0m 9.565 ms - 3107[0m
[0mGET /users/sign-in [36m304[0m 14.060 ms - -[0m
[0mGET /users/sign-in [36m304[0m 14.560 ms - -[0m
[0mGET /users/sign-in [32m200[0m 12.768 ms - 3254[0m
[0mGET /users/sign-in [36m304[0m 11.463 ms - -[0m
[0mGET /users/sign-in [32m200[0m 13.593 ms - 3646[0m
[0mGET /users/sign-in [36m304[0m 12.863 ms - -[0m
[0mGET /users/sign-in [36m304[0m 12.795 ms - -[0m
[0mGET /users/sign-in [32m200[0m 7.511 ms - 3656[0m
[0mGET /users/sign-in [36m304[0m 14.561 ms - -[0m
[0mGET /users/sign-in [36m304[0m 14.843 ms - -[0m
[0mGET /users/sign-in [36m304[0m 13.391 ms - -[0m
[0mGET /users/sign-in [32m200[0m 14.416 ms - 3661[0m
[0mGET /users/sign-in [36m304[0m 15.756 ms - -[0m
[0mGET /users/sign-in [36m304[0m 11.682 ms - -[0m
[0mGET /users/sign-in [36m304[0m 16.595 ms - -[0m
[0mGET /users/sign-in [32m200[0m 9.153 ms - 3661[0m
[0mGET /users/sign-in [32m200[0m 12.999 ms - 3660[0m
[0mGET /users/sign-in [32m200[0m 9.132 ms - 3651[0m
[0mGET /users/sign-in [32m200[0m 19.454 ms - 3814[0m
[0mGET /users/sign-in [36m304[0m 8.980 ms - -[0m
[0mGET /users/sign-in [32m200[0m 9.136 ms - 3841[0m
[0mGET /users/sign-in [32m200[0m 8.833 ms - 3843[0m
[0mGET /users/sign-in [36m304[0m 7.754 ms - -[0m
[0mGET /users/sign-in [32m200[0m 9.775 ms - 3840[0m
[0mGET /users/sign-in [32m200[0m 9.698 ms - 3814[0m
[0mGET /users/sign-in [32m200[0m 24.016 ms - 3994[0m
[0mGET /users/sign-in [32m200[0m 11.203 ms - 3997[0m
[0mGET /users/sign-in [32m200[0m 17.694 ms - 4031[0m
[0mGET /users/sign-in [32m200[0m 14.517 ms - 4027[0m
[0mGET /users/sign-in [32m200[0m 16.186 ms - 4025[0m
[0mGET /users/sign-in [32m200[0m 9.668 ms - 4015[0m
[0mGET /users/sign-in [32m200[0m 22.747 ms - 4026[0m
[0mGET /users/sign-in [32m200[0m 11.503 ms - 4026[0m
[0mGET /users/sign-in [32m200[0m 13.825 ms - 4025[0m
[0mGET /users/sign-in [32m200[0m 16.846 ms - 4016[0m
[0mGET /users/sign-in [32m200[0m 26.136 ms - 4008[0m
[0mGET /users/image_design.jpg [33m404[0m 10.145 ms - 161[0m
[0mGET /users/sign-in [32m200[0m 14.168 ms - 4016[0m
[0mGET /users/sign-in [32m200[0m 16.862 ms - 4016[0m
[0mGET /users/sign-in [36m304[0m 26.385 ms - -[0m
[0mGET /users/sign-in [36m304[0m 10.286 ms - -[0m
[0mGET /users/sign-in [36m304[0m 12.382 ms - -[0m
[0mGET /users/sign-in [36m304[0m 11.917 ms - -[0m
[0mGET /users/sign-in [36m304[0m 18.241 ms - -[0m
[0mGET /users/sign-in [36m304[0m 13.845 ms - -[0m
[0mGET /users/sign-in [36m304[0m 11.635 ms - -[0m
[0mGET /users/sign-in [36m304[0m 15.699 ms - -[0m
[0mGET /users/sign-in [32m200[0m 7.574 ms - 4007[0m
[0mGET /users/sign-in [32m200[0m 10.264 ms - 4011[0m
[0mGET /users/sign-up [32m200[0m 19.662 ms - 2351[0m
[0mGET /users/sign-in [36m304[0m 15.212 ms - -[0m
[0mGET /users/sign-up [32m200[0m 15.424 ms - 3326[0m
[0mGET /users/sign-up [36m304[0m 16.118 ms - -[0m
[0mGET /users/sign-up [32m200[0m 16.072 ms - 3986[0m
[0mGET /users/sign-up [32m200[0m 15.222 ms - 4209[0m
[0mGET /users/sign-up [36m304[0m 12.460 ms - -[0m
[0mGET /users/sign-up [36m304[0m 14.660 ms - -[0m
[0mGET /users/sign-up [32m200[0m 20.209 ms - 4209[0m
[0mGET /users/sign-up [32m200[0m 15.711 ms - 4196[0m
[0mGET /users/sign-up [32m200[0m 7.141 ms - 4353[0m
[0mGET /users/sign-in [36m304[0m 7.679 ms - -[0m
[0mGET /users/sign-up [36m304[0m 7.051 ms - -[0m
[0mGET /users/sign-up [36m304[0m 3.474 ms - -[0m
[0mGET /users/sign-in [36m304[0m 6.337 ms - -[0m
[0mGET /users/sign-up [36m304[0m 5.222 ms - -[0m
[0mGET /users/sign-up [32m200[0m 3.959 ms - 4357[0m
[0mGET /users/sign-in [36m304[0m 9.468 ms - -[0m
[0mGET /users/sign-up [36m304[0m 7.795 ms - -[0m
[0mGET /users/sign-up [32m200[0m 6.893 ms - 4352[0m
[0mGET /users/sign-up [32m200[0m 8.348 ms - 4352[0m
[0mGET /users/sign-up [32m200[0m 9.207 ms - 4343[0m
[0mGET /users/sign-up [32m200[0m 4.637 ms - 4352[0m
[0mGET /users/sign-up [36m304[0m 4.617 ms - -[0m
[0mGET /users/sign-up [32m200[0m 8.181 ms - 4420[0m
[0mGET /users/sign-up [36m304[0m 4.412 ms - -[0m
[0mGET /users/sign-up [36m304[0m 4.371 ms - -[0m
[0mGET /users/sign-up [36m304[0m 4.577 ms - -[0m
[0mGET /users/sign-up [36m304[0m 6.568 ms - -[0m
[0mGET /users/sign-up [36m304[0m 5.921 ms - -[0m
[0mGET /users/sign-up [32m200[0m 4.325 ms - 4420[0m
[0mGET /users/sign-up [32m200[0m 4.567 ms - 4420[0m
[0mGET /users/sign-in [36m304[0m 5.297 ms - -[0m
[0mGET /users/sign-up [36m304[0m 9.043 ms - -[0m
[0mGET /users/sign-up [32m200[0m 4.893 ms - 4420[0m
[0mGET /users/sign-up [32m200[0m 8.986 ms - 4420[0m
[0mGET /users/sign-up [32m200[0m 4.032 ms - 4420[0m
[0mGET /users/sign-up [32m200[0m 6.829 ms - 4420[0m
[0mGET /users/sign-up [32m200[0m 5.728 ms - 4420[0m
[0mGET /users/sign-up [32m200[0m 7.909 ms - 4420[0m
[0mGET /users/sign-up [32m200[0m 9.976 ms - 4420[0m
[0mGET /users/sign-up [32m200[0m 7.523 ms - 4420[0m
[0mGET /users/sign-up [32m200[0m 8.739 ms - 4420[0m
[0mGET /users/sign-in [36m304[0m 13.814 ms - -[0m
[0mPOST /users/create-session [36m302[0m 25.513 ms - 46[0m
[0mGET / [32m200[0m 54.935 ms - 14578[0m
[0mGET /users/sign-out [36m302[0m 7.582 ms - 46[0m
[0mGET / [32m200[0m 34.250 ms - 10095[0m
[0mGET /users/sign-in [36m304[0m 8.700 ms - -[0m
[0mGET /users/sign-up [36m304[0m 10.767 ms - -[0m
[0mGET /users/sign-up [32m200[0m 6.207 ms - 4431[0m
[0mGET /users/sign-up [36m304[0m 5.846 ms - -[0m
[0mGET /users/sign-in [32m200[0m 7.382 ms - 4022[0m
[0mGET /users/sign-up [36m304[0m 10.562 ms - -[0m
[0mGET /users/sign-up [32m200[0m 13.048 ms - 4431[0m
[0mGET /users/sign-up [32m200[0m 6.752 ms - 4431[0m
[0mGET /users/auth/google [36m302[0m 13.145 ms - 0[0m
[0mGET /users/sign-in [36m304[0m 13.843 ms - -[0m
[0mGET /users/sign-up [36m304[0m 9.637 ms - -[0m
[0mGET /users/sign-in [36m304[0m 14.719 ms - -[0m
[0mGET /users/sign-in [36m304[0m 5.797 ms - -[0m
[0mGET /users/sign-up [36m304[0m 14.005 ms - -[0m
[0mGET /users/sign-in [36m304[0m 11.310 ms - -[0m
[0mGET /users/sign-in [36m304[0m 9.157 ms - -[0m
[0mGET /users/sign-in [36m304[0m 12.397 ms - -[0m
[0mGET /users/sign-up [36m304[0m 12.960 ms - -[0m
[0mGET /users/sign-in [36m304[0m 6.313 ms - -[0m
[0mGET /users/sign-up [36m304[0m 8.924 ms - -[0m
[0mGET /users/sign-in [36m304[0m 7.464 ms - -[0m
[0mGET /users/sign-in [36m304[0m 6.085 ms - -[0m
[0mGET /users/sign-up [36m304[0m 9.981 ms - -[0m
[0mGET /users/sign-up [36m304[0m 8.261 ms - -[0m
[0mGET /users/sign-in [36m304[0m 13.835 ms - -[0m
[0mGET / [32m200[0m 180.471 ms - 9786[0m
[0mGET / [36m304[0m 57.724 ms - -[0m
